[     154ms] [INFO] %cDownload the React DevTools for a better development experience: https://react.dev/link/react-devtools font-weight:bold @ http://localhost:3004/_next/static/chunks/05w9_next_dist_04sc5oc._.js:2431
[     168ms] [LOG] [HMR] connected @ http://localhost:3004/_next/static/chunks/05w9_next_dist_04sc5oc._.js:2431
[     226ms] [WARNING] Image with src "/images/nexus-dashboard.png" is using quality "100" which is not configured in images.qualities [75]. Please update your config to [100, 75].
Read more: https://nextjs.org/docs/messages/next-image-unconfigured-qualities @ http://localhost:3004/_next/static/chunks/05w9_next_dist_04sc5oc._.js:2431
[     266ms] [WARNING] Image with src "/images/dashboard-mobile.jpeg" is using quality "100" which is not configured in images.qualities [75]. Please update your config to [100, 75].
Read more: https://nextjs.org/docs/messages/next-image-unconfigured-qualities @ http://localhost:3004/_next/static/chunks/05w9_next_dist_04sc5oc._.js:2431
[     267ms] [WARNING] Image with src "/images/dashboard-mobile-2.jpeg" is using quality "100" which is not configured in images.qualities [75]. Please update your config to [100, 75].
Read more: https://nextjs.org/docs/messages/next-image-unconfigured-qualities @ http://localhost:3004/_next/static/chunks/05w9_next_dist_04sc5oc._.js:2431
[  188540ms] [LOG] [Fast Refresh] rebuilding @ http://localhost:3004/_next/static/chunks/05w9_next_dist_04sc5oc._.js:2431
[  188765ms] [LOG] [Fast Refresh] done in 203ms @ http://localhost:3004/_next/static/chunks/05w9_next_dist_04sc5oc._.js:2431
[  188955ms] [WARNING] Image with src "/images/nexus-dashboard.png" was detected as the Largest Contentful Paint (LCP). Please add the `loading="eager"` property if this image is above the fold.
Read more: https://nextjs.org/docs/app/api-reference/components/image#loading @ http://localhost:3004/_next/static/chunks/05w9_next_dist_04sc5oc._.js:2431
[  193295ms] [LOG] [Fast Refresh] rebuilding @ http://localhost:3004/_next/static/chunks/05w9_next_dist_04sc5oc._.js:2431
[  193375ms] [LOG] [Fast Refresh] done in 67ms @ http://localhost:3004/_next/static/chunks/05w9_next_dist_04sc5oc._.js:2431
[  199214ms] [LOG] [Fast Refresh] rebuilding @ http://localhost:3004/_next/static/chunks/05w9_next_dist_04sc5oc._.js:2431
[  199357ms] [LOG] [Fast Refresh] done in 142ms @ http://localhost:3004/_next/static/chunks/05w9_next_dist_04sc5oc._.js:2431
[  218829ms] [LOG] [Fast Refresh] rebuilding @ http://localhost:3004/_next/static/chunks/05w9_next_dist_04sc5oc._.js:2431
[  218975ms] [LOG] [Fast Refresh] done in 180ms @ http://localhost:3004/_next/static/chunks/05w9_next_dist_04sc5oc._.js:2431
[  219104ms] [LOG] [Fast Refresh] rebuilding @ http://localhost:3004/_next/static/chunks/05w9_next_dist_04sc5oc._.js:2431
[  219117ms] [LOG] [Fast Refresh] done in 120ms @ http://localhost:3004/_next/static/chunks/05w9_next_dist_04sc5oc._.js:2431
[  224776ms] [LOG] [Fast Refresh] rebuilding @ http://localhost:3004/_next/static/chunks/05w9_next_dist_04sc5oc._.js:2431
[  224931ms] [LOG] [Fast Refresh] done in 173ms @ http://localhost:3004/_next/static/chunks/05w9_next_dist_04sc5oc._.js:2431
[  239551ms] [LOG] [Fast Refresh] rebuilding @ http://localhost:3004/_next/static/chunks/05w9_next_dist_04sc5oc._.js:2431
[  239593ms] [LOG] [Fast Refresh] done in 49ms @ http://localhost:3004/_next/static/chunks/05w9_next_dist_04sc5oc._.js:2431
[  246356ms] [LOG] [Fast Refresh] rebuilding @ http://localhost:3004/_next/static/chunks/05w9_next_dist_04sc5oc._.js:2431
[  246395ms] [LOG] [Fast Refresh] done in 51ms @ http://localhost:3004/_next/static/chunks/05w9_next_dist_04sc5oc._.js:2431
[  250368ms] [LOG] [Fast Refresh] rebuilding @ http://localhost:3004/_next/static/chunks/05w9_next_dist_04sc5oc._.js:2431
[  250409ms] [LOG] [Fast Refresh] done in 53ms @ http://localhost:3004/_next/static/chunks/05w9_next_dist_04sc5oc._.js:2431
[  254365ms] [LOG] [Fast Refresh] rebuilding @ http://localhost:3004/_next/static/chunks/05w9_next_dist_04sc5oc._.js:2431
[  254408ms] [LOG] [Fast Refresh] done in 50ms @ http://localhost:3004/_next/static/chunks/05w9_next_dist_04sc5oc._.js:2431
[  265790ms] [LOG] [Fast Refresh] rebuilding @ http://localhost:3004/_next/static/chunks/05w9_next_dist_04sc5oc._.js:2431
[  265832ms] [LOG] [Fast Refresh] done in 61ms @ http://localhost:3004/_next/static/chunks/05w9_next_dist_04sc5oc._.js:2431
