[     126ms] [LOG] [Fast Refresh] rebuilding @ http://localhost:3004/_next/static/chunks/05w9_next_dist_04sc5oc._.js:2431
[     223ms] [LOG] [Fast Refresh] done in 197ms @ http://localhost:3004/_next/static/chunks/05w9_next_dist_04sc5oc._.js:2431
[     281ms] [INFO] %cDownload the React DevTools for a better development experience: https://react.dev/link/react-devtools font-weight:bold @ http://localhost:3004/_next/static/chunks/05w9_next_dist_04sc5oc._.js:2431
[     322ms] [LOG] [HMR] connected @ http://localhost:3004/_next/static/chunks/05w9_next_dist_04sc5oc._.js:2431
[     349ms] [WARNING] Image with src "/images/nexus-dashboard.png" is using quality "100" which is not configured in images.qualities [75]. Please update your config to [100, 75].
Read more: https://nextjs.org/docs/messages/next-image-unconfigured-qualities @ http://localhost:3004/_next/static/chunks/05w9_next_dist_04sc5oc._.js:2431
[     388ms] [WARNING] Image with src "/images/dashboard-mobile.jpeg" is using quality "100" which is not configured in images.qualities [75]. Please update your config to [100, 75].
Read more: https://nextjs.org/docs/messages/next-image-unconfigured-qualities @ http://localhost:3004/_next/static/chunks/05w9_next_dist_04sc5oc._.js:2431
[     389ms] [WARNING] Image with src "/images/nexus-dashboard.png" was detected as the Largest Contentful Paint (LCP). Please add the `loading="eager"` property if this image is above the fold.
Read more: https://nextjs.org/docs/app/api-reference/components/image#loading @ http://localhost:3004/_next/static/chunks/05w9_next_dist_04sc5oc._.js:2431
[     390ms] [WARNING] Image with src "/images/dashboard-mobile-2.jpeg" is using quality "100" which is not configured in images.qualities [75]. Please update your config to [100, 75].
Read more: https://nextjs.org/docs/messages/next-image-unconfigured-qualities @ http://localhost:3004/_next/static/chunks/05w9_next_dist_04sc5oc._.js:2431
[  103966ms] [LOG] [Fast Refresh] rebuilding @ http://localhost:3004/_next/static/chunks/05w9_next_dist_04sc5oc._.js:2431
[  104020ms] [LOG] [Fast Refresh] done in 78ms @ http://localhost:3004/_next/static/chunks/05w9_next_dist_04sc5oc._.js:2431
[  112562ms] [LOG] [Fast Refresh] rebuilding @ http://localhost:3004/_next/static/chunks/05w9_next_dist_04sc5oc._.js:2431
[  112618ms] [LOG] [Fast Refresh] done in 43ms @ http://localhost:3004/_next/static/chunks/05w9_next_dist_04sc5oc._.js:2431
[  175496ms] [LOG] [Fast Refresh] rebuilding @ http://localhost:3004/_next/static/chunks/05w9_next_dist_04sc5oc._.js:2431
[  175558ms] [LOG] [Fast Refresh] done in 105ms @ http://localhost:3004/_next/static/chunks/05w9_next_dist_04sc5oc._.js:2431
[  179968ms] [LOG] [Fast Refresh] rebuilding @ http://localhost:3004/_next/static/chunks/05w9_next_dist_04sc5oc._.js:2431
[  180063ms] [LOG] [Fast Refresh] done in 95ms @ http://localhost:3004/_next/static/chunks/05w9_next_dist_04sc5oc._.js:2431
