[   70440ms] [LOG] [Fast Refresh] rebuilding @ http://localhost:3004/_next/static/chunks/05w9_next_dist_04sc5oc._.js:2431
[   70495ms] ReferenceError: React is not defined
    at Navbar (http://localhost:3004/_next/static/chunks/src_13nzd9c._.js?id=%255Bproject%255D%252Fsrc%252Fapp%252Fpage.tsx+%255Bapp-client%255D+%2528ecmascript%2529:232:29)
    at Object.react_stack_bottom_frame (http://localhost:3004/_next/static/chunks/05w9_next_dist_compiled_react-dom_0r6u5qa._.js:15037:24)
    at renderWithHooks (http://localhost:3004/_next/static/chunks/05w9_next_dist_compiled_react-dom_0r6u5qa._.js:4620:24)
    at updateFunctionComponent (http://localhost:3004/_next/static/chunks/05w9_next_dist_compiled_react-dom_0r6u5qa._.js:6081:21)
    at beginWork (http://localhost:3004/_next/static/chunks/05w9_next_dist_compiled_react-dom_0r6u5qa._.js:6691:24)
    at runWithFiberInDEV (http://localhost:3004/_next/static/chunks/05w9_next_dist_compiled_react-dom_0r6u5qa._.js:965:74)
    at performUnitOfWork (http://localhost:3004/_next/static/chunks/05w9_next_dist_compiled_react-dom_0r6u5qa._.js:9555:97)
    at workLoopSync (http://localhost:3004/_next/static/chunks/05w9_next_dist_compiled_react-dom_0r6u5qa._.js:9449:40)
    at renderRootSync (http://localhost:3004/_next/static/chunks/05w9_next_dist_compiled_react-dom_0r6u5qa._.js:9433:13)
    at performWorkOnRoot (http://localhost:3004/_next/static/chunks/05w9_next_dist_compiled_react-dom_0r6u5qa._.js:9098:47)
    at performSyncWorkOnRoot (http://localhost:3004/_next/static/chunks/05w9_next_dist_compiled_react-dom_0r6u5qa._.js:10263:9)
    at flushSyncWorkAcrossRoots_impl (http://localhost:3004/_next/static/chunks/05w9_next_dist_compiled_react-dom_0r6u5qa._.js:10179:316)
    at flushSyncWork$1 (http://localhost:3004/_next/static/chunks/05w9_next_dist_compiled_react-dom_0r6u5qa._.js:9230:86)
    at Object.scheduleRefresh (http://localhost:3004/_next/static/chunks/05w9_next_dist_compiled_react-dom_0r6u5qa._.js:299:13)
    at http://localhost:3004/_next/static/chunks/05w9_next_dist_compiled_0kz62jm._.js:391:33
    at Set.forEach (<anonymous>)
    at Object.performReactRefresh (http://localhost:3004/_next/static/chunks/05w9_next_dist_compiled_0kz62jm._.js:384:38)
    at applyUpdate (http://localhost:3004/_next/static/chunks/05w9_next_dist_compiled_0kz62jm._.js:878:31)
    at http://localhost:3004/_next/static/chunks/05w9_next_dist_compiled_0kz62jm._.js:886:13
[   70514ms] [LOG] [Fast Refresh] done in 88ms @ http://localhost:3004/_next/static/chunks/05w9_next_dist_04sc5oc._.js:2431
[   80726ms] [LOG] [Fast Refresh] rebuilding @ http://localhost:3004/_next/static/chunks/05w9_next_dist_04sc5oc._.js:2431
[   80732ms] [WARNING] [Fast Refresh] performing full reload because your application had an unrecoverable error @ http://localhost:3004/_next/static/chunks/05w9_next_dist_04sc5oc._.js:2431
[   80736ms] [ERROR] Encountered a script tag while rendering React component. Scripts inside React components are never executed when rendering on the client. Consider using template tag instead (https://developer.mozilla.org/en-US/docs/Web/HTML/Element/template). @ http://localhost:3004/_next/static/chunks/05w9_next_dist_04sc5oc._.js:3272
[   80851ms] [LOG] [Fast Refresh] done in 68ms @ http://localhost:3004/_next/static/chunks/05w9_next_dist_04sc5oc._.js:2431
[   81032ms] [INFO] %cDownload the React DevTools for a better development experience: https://react.dev/link/react-devtools font-weight:bold @ http://localhost:3004/_next/static/chunks/05w9_next_dist_04sc5oc._.js:2431
[   81067ms] [LOG] [HMR] connected @ http://localhost:3004/_next/static/chunks/05w9_next_dist_04sc5oc._.js:2431
[   81170ms] [WARNING] Image with src "/images/dashboard-mobile.jpeg" is using quality "100" which is not configured in images.qualities [75]. Please update your config to [100, 75].
Read more: https://nextjs.org/docs/messages/next-image-unconfigured-qualities @ http://localhost:3004/_next/static/chunks/05w9_next_dist_04sc5oc._.js:2431
[   81170ms] [WARNING] Image with src "/images/dashboard-mobile-2.jpeg" is using quality "100" which is not configured in images.qualities [75]. Please update your config to [100, 75].
Read more: https://nextjs.org/docs/messages/next-image-unconfigured-qualities @ http://localhost:3004/_next/static/chunks/05w9_next_dist_04sc5oc._.js:2431
[   91174ms] [LOG] [Fast Refresh] rebuilding @ http://localhost:3004/_next/static/chunks/05w9_next_dist_04sc5oc._.js:2431
[   91201ms] [LOG] [Fast Refresh] done in 30ms @ http://localhost:3004/_next/static/chunks/05w9_next_dist_04sc5oc._.js:2431
[  104185ms] [LOG] [Fast Refresh] rebuilding @ http://localhost:3004/_next/static/chunks/05w9_next_dist_04sc5oc._.js:2431
[  104214ms] [LOG] [Fast Refresh] done in 33ms @ http://localhost:3004/_next/static/chunks/05w9_next_dist_04sc5oc._.js:2431
